<?xml version="1.0" encoding="UTF-8"?>
<testng-results ignored="0" total="1" passed="1" failed="0" skipped="0">
  <reporter-output>
  </reporter-output>
  <suite started-at="2025-04-25T14:36:55 IST" name="Default suite" finished-at="2025-04-25T14:37:41 IST" duration-ms="45819">
    <groups>
    </groups>
    <test started-at="2025-04-25T14:36:55 IST" name="Default test" finished-at="2025-04-25T14:37:41 IST" duration-ms="45819">
      <class name="automateproject.Base">
        <test-method is-config="true" signature="beforeMethod()[pri:0, instance:automateproject.Base@6adbc9d]" started-at="2025-04-25T14:36:55 IST" name="beforeMethod" finished-at="2025-04-25T14:37:32 IST" duration-ms="36641" status="PASS">
          <reporter-output>
          </reporter-output>
        </test-method> <!-- beforeMethod -->
        <test-method signature="beforeMethod()[pri:0, instance:automateproject.Base@6adbc9d]" started-at="2025-04-25T14:37:32 IST" name="beforeMethod" finished-at="2025-04-25T14:37:40 IST" duration-ms="8288" status="PASS">
          <reporter-output>
          </reporter-output>
        </test-method> <!-- beforeMethod -->
        <test-method is-config="true" signature="afterMethod()[pri:0, instance:automateproject.Base@6adbc9d]" started-at="2025-04-25T14:37:40 IST" name="afterMethod" finished-at="2025-04-25T14:37:41 IST" duration-ms="772" status="PASS">
          <reporter-output>
          </reporter-output>
        </test-method> <!-- afterMethod -->
      </class> <!-- automateproject.Base -->
    </test> <!-- Default test -->
  </suite> <!-- Default suite -->
</testng-results>
